c:\users\mrwin\downloads\mouse-filter\test\moufiltr\x64\debug\vc142.pdb
c:\users\mrwin\downloads\mouse-filter\test\moufiltr\x64\debug\moufiltr.obj
c:\users\mrwin\downloads\mouse-filter\test\moufiltr\x64\debug\moufiltr\kmdfsamples.cat
c:\users\mrwin\downloads\mouse-filter\test\moufiltr\x64\debug\moufiltr.sys
c:\users\mrwin\downloads\mouse-filter\test\moufiltr\x64\debug\moufiltr.pdb
c:\users\mrwin\downloads\mouse-filter\test\moufiltr\x64\debug\moufiltr.res
c:\users\mrwin\downloads\mouse-filter\test\moufiltr\x64\debug\moufiltr.inf
c:\users\mrwin\downloads\mouse-filter\test\moufiltr\x64\debug\moufiltr.tlog\cl.command.1.tlog
c:\users\mrwin\downloads\mouse-filter\test\moufiltr\x64\debug\moufiltr.tlog\cl.read.1.tlog
c:\users\mrwin\downloads\mouse-filter\test\moufiltr\x64\debug\moufiltr.tlog\cl.write.1.tlog
c:\users\mrwin\downloads\mouse-filter\test\moufiltr\x64\debug\moufiltr.tlog\inf2cat-expand.10776.read.1.tlog
c:\users\mrwin\downloads\mouse-filter\test\moufiltr\x64\debug\moufiltr.tlog\inf2cat-expand.10776.write.1.tlog
c:\users\mrwin\downloads\mouse-filter\test\moufiltr\x64\debug\moufiltr.tlog\inf2cat-expand.read.1.tlog
c:\users\mrwin\downloads\mouse-filter\test\moufiltr\x64\debug\moufiltr.tlog\inf2cat-expand.write.1.tlog
c:\users\mrwin\downloads\mouse-filter\test\moufiltr\x64\debug\moufiltr.tlog\inf2cat.command.1.tlog
c:\users\mrwin\downloads\mouse-filter\test\moufiltr\x64\debug\moufiltr.tlog\inf2cat.read.1.tlog
c:\users\mrwin\downloads\mouse-filter\test\moufiltr\x64\debug\moufiltr.tlog\inf2cat.write.1.tlog
c:\users\mrwin\downloads\mouse-filter\test\moufiltr\x64\debug\moufiltr.tlog\link.command.1.tlog
c:\users\mrwin\downloads\mouse-filter\test\moufiltr\x64\debug\moufiltr.tlog\link.read.1.tlog
c:\users\mrwin\downloads\mouse-filter\test\moufiltr\x64\debug\moufiltr.tlog\link.write.1.tlog
c:\users\mrwin\downloads\mouse-filter\test\moufiltr\x64\debug\moufiltr.tlog\rc.command.1.tlog
c:\users\mrwin\downloads\mouse-filter\test\moufiltr\x64\debug\moufiltr.tlog\rc.read.1.tlog
c:\users\mrwin\downloads\mouse-filter\test\moufiltr\x64\debug\moufiltr.tlog\rc.write.1.tlog
c:\users\mrwin\downloads\mouse-filter\test\moufiltr\x64\debug\moufiltr.tlog\signtool.command.1.tlog
c:\users\mrwin\downloads\mouse-filter\test\moufiltr\x64\debug\moufiltr.tlog\signtool.read.1.tlog
c:\users\mrwin\downloads\mouse-filter\test\moufiltr\x64\debug\moufiltr.tlog\signtool.timestamp.1.tlog
c:\users\mrwin\downloads\mouse-filter\test\moufiltr\x64\debug\moufiltr.tlog\signtool.write.1.tlog
c:\users\mrwin\downloads\mouse-filter\test\moufiltr\x64\debug\moufiltr.tlog\stampinf.command.1.tlog
c:\users\mrwin\downloads\mouse-filter\test\moufiltr\x64\debug\moufiltr.tlog\stampinf.read.1.tlog
c:\users\mrwin\downloads\mouse-filter\test\moufiltr\x64\debug\moufiltr.tlog\stampinf.write.1.tlog
